----------------------------------------
Fecha: 9/30/2017 - Hora: 13:43
(1) : 0
(2) Ninguna: 0
(3) Ninguna: 0
(4) Ninguna: 0
(5) Ninguna: 0
(6) Cerrada: 0
(7) Ninguna: 0
(8) Ninguna: 0
(9) Ninguna: 0
(10) °°Club Walking*s [-McNeill*s-]°°: 0
----------------------------------------
Fecha: 9/30/2017 - Hora: 16:48
(1) : 0
(2) Ninguna: 0
(3) Ninguna: 0
(4) Ninguna: 0
(5) Ninguna: 0
(6) Cerrada: 0
(7) Ninguna: 0
(8) Ninguna: 0
(9) Ninguna: 0
(10) °°Club Walking*s [-McNeill*s-]°°: 0
----------------------------------------
Fecha: 9/30/2017 - Hora: 19:41
(1) : 0
(2) Ninguna: 0
(3) Ninguna: 0
(4) Ninguna: 0
(5) Ninguna: 0
(6) Cerrada: 0
(7) Ninguna: 0
(8) Ninguna: 0
(9) Ninguna: 0
(10) °°Club Walking*s [-McNeill*s-]°°: 0
----------------------------------------
Fecha: 10/1/2017 - Hora: 0:1
(1) : 0
(2) Ninguna: 0
(3) Ninguna: 0
(4) Ninguna: 0
(5) Ninguna: 0
(6) Cerrada: 0
(7) Ninguna: 0
(8) Ninguna: 0
(9) Ninguna: 0
(10) °°Club Walking*s [-McNeill*s-]°°: 0
----------------------------------------
Fecha: 10/1/2017 - Hora: 1:33
(1) : 0
(2) Ninguna: 0
(3) Ninguna: 0
(4) Ninguna: 0
(5) Ninguna: 0
(6) Cerrada: 0
(7) Ninguna: 0
(8) Ninguna: 0
(9) Ninguna: 0
(10) °°Club Walking*s [-McNeill*s-]°°: 0
----------------------------------------
Fecha: 10/1/2017 - Hora: 1:35
(1) : 0
(2) Ninguna: 0
(3) Ninguna: 0
(4) Ninguna: 0
(5) Ninguna: 0
(6) Cerrada: 0
(7) Ninguna: 0
(8) Ninguna: 0
(9) Ninguna: 0
(10) °°Club Walking*s [-McNeill*s-]°°: 0
----------------------------------------
Fecha: 10/1/2017 - Hora: 1:36
(1) : 0
(2) Ninguna: 0
(3) Ninguna: 0
(4) Ninguna: 0
(5) Ninguna: 0
(6) Cerrada: 0
(7) Ninguna: 0
(8) Ninguna: 0
(9) Ninguna: 0
(10) °°Club Walking*s [-McNeill*s-]°°: 0
----------------------------------------
Fecha: 10/1/2017 - Hora: 1:37
(1) : 0
(2) Ninguna: 0
(3) Ninguna: 0
(4) Ninguna: 0
(5) Ninguna: 0
(6) Cerrada: 0
(7) Ninguna: 0
(8) Ninguna: 0
(9) Ninguna: 0
(10) °°Club Walking*s [-McNeill*s-]°°: 0
----------------------------------------
Fecha: 10/1/2017 - Hora: 14:37
(1) : 0
(2) Ninguna: 0
(3) Ninguna: 0
(4) Ninguna: 0
(5) Ninguna: 0
(6) Cerrada: 0
(7) Ninguna: 0
(8) Ninguna: 0
(9) Ninguna: 0
(10) °°Club Walking*s [-McNeill*s-]°°: 0
----------------------------------------
Fecha: 10/1/2017 - Hora: 15:44
(1) : 0
(2) Ninguna: 0
(3) Ninguna: 0
(4) Ninguna: 0
(5) Ninguna: 0
(6) Cerrada: 0
(7) Ninguna: 0
(8) Ninguna: 0
(9) Ninguna: 0
(10) °°Club Walking*s [-McNeill*s-]°°: 0
----------------------------------------
Fecha: 10/1/2017 - Hora: 20:1
(1) : 0
(2) Ninguna: 0
(3) Ninguna: 0
(4) Ninguna: 0
(5) Ninguna: 0
(6) Cerrada: 0
(7) Ninguna: 0
(8) Ninguna: 0
(9) Ninguna: 0
(10) °°Club Walking*s [-McNeill*s-]°°: 0
----------------------------------------
Fecha: 10/1/2017 - Hora: 21:7
(1) : 0
(2) Ninguna: 0
(3) Ninguna: 0
(4) Ninguna: 0
(5) Ninguna: 0
(6) Cerrada: 0
(7) Ninguna: 0
(8) Ninguna: 0
(9) Ninguna: 0
(10) °°Club Walking*s [-McNeill*s-]°°: 0
----------------------------------------
Fecha: 10/1/2017 - Hora: 22:13
(1) : 0
(2) Ninguna: 0
(3) Ninguna: 0
(4) Ninguna: 0
(5) Ninguna: 0
(6) Cerrada: 0
(7) Ninguna: 0
(8) Ninguna: 0
(9) Ninguna: 0
(10) °°Club Walking*s [-McNeill*s-]°°: 0
----------------------------------------
Fecha: 10/1/2017 - Hora: 23:17
(1) : 0
(2) Ninguna: 0
(3) Ninguna: 0
(4) Ninguna: 0
(5) Ninguna: 0
(6) Cerrada: 0
(7) Ninguna: 0
(8) Ninguna: 0
(9) Ninguna: 0
(10) °°Club Walking*s [-McNeill*s-]°°: 0
