[2017/9/30 - 12:49:50] Daisuke Sama a borrado DoorID 3.
[2017/9/30 - 12:51:28] Daisuke Sama ha editado la DoorID 11 - Exterior.
[2017/9/30 - 12:51:50] Daisuke Sama ha editado la DoorID 72 - Exterior.
[2017/9/30 - 12:52:39] Daisuke Sama ha editado la DoorID 86 - Exterior.
[2017/9/30 - 12:53:22] Daisuke Sama ha editado la DoorID 86 - Exterior.
[2017/9/30 - 12:53:51] Daisuke Sama ha editado la DoorID 12 - Exterior.
[2017/9/30 - 12:57:0] Daisuke Sama ha editado la DoorID 55 - Exterior.
[2017/9/30 - 12:57:32] Daisuke Sama ha editado la DoorID 55 - Exterior Personalizado.
[2017/9/30 - 12:58:12] Daisuke Sama editó la DoorID 55 - pass a nada.
[2017/9/30 - 13:2:54] Daisuke Sama ha editado la DoorID 24 - Exterior.
[2017/9/30 - 13:3:16] Daisuke Sama ha editado la DoorID 25 - Exterior.
[2017/9/30 - 13:3:37] Daisuke Sama ha editado la DoorID 25 - Exterior.
[2017/9/30 - 13:4:14] Daisuke Sama ha editado la DoorID 115 - Exterior.
[2017/9/30 - 13:6:17] Daisuke Sama ha editado la DoorID 27 - Exterior.
[2017/9/30 - 13:9:20] Daisuke Sama ha editado la DoorID 91 - Exterior.
[2017/9/30 - 13:9:31] Daisuke Sama a borrado DoorID 55.
[2017/9/30 - 13:19:10] Daisuke Sama ha editado la DoorID 59 - Exterior.
[2017/9/30 - 13:21:2] Daisuke Sama ha editado la DoorID 134 - Exterior.
[2017/9/30 - 13:23:28] Daisuke Sama ha editado la DoorID 63 - Interior
[2017/9/30 - 13:24:33] Daisuke Sama ha editado la DoorID 63 - Exterior.
[2017/9/30 - 13:24:44] Daisuke Sama a borrado DoorID 63.
[2017/9/30 - 13:24:49] Daisuke Sama ha editado la DoorID 62 - Interior
[2017/9/30 - 13:25:20] Daisuke Sama ha editado la DoorID 65 - Exterior.
[2017/9/30 - 13:25:23] Daisuke Sama ha editado la DoorID 64 - Exterior.
[2017/9/30 - 13:25:39] Daisuke Sama ha editado la DoorID 64 - Exterior.
[2017/9/30 - 13:25:43] Daisuke Sama a borrado DoorID 64.
[2017/9/30 - 13:26:5] Daisuke Sama a borrado DoorID 67.
[2017/9/30 - 13:32:0] Daisuke Sama ha editado la DoorID 79 - Exterior.
[2017/9/30 - 13:32:45] Daisuke Sama ha editado la DoorID 81 - Exterior.
[2017/9/30 - 13:33:4] Daisuke Sama ha editado la DoorID 82 - Exterior.
[2017/9/30 - 13:34:22] Daisuke Sama ha editado la DoorID 87 - Exterior.
[2017/9/30 - 13:35:6] Daisuke Sama ha editado la DoorID 87 - Exterior.
[2017/9/30 - 13:41:17] Daisuke Sama a borrado DoorID 105.
[2017/9/30 - 13:43:9] Daisuke Sama ha editado la DoorID 116 - Exterior.
[2017/9/30 - 13:43:17] Daisuke Sama ha editado la DoorID 117 - Exterior.
[2017/9/30 - 13:43:26] Daisuke Sama ha editado la DoorID 117 - Exterior.
[2017/9/30 - 13:52:20] Daisuke Sama ha editado la DoorID 117 - Exterior.
[2017/9/30 - 13:55:5] Daisuke Sama ha editado la DoorID 122 - Exterior.
[2017/9/30 - 16:22:33] Daisuke Sama ha editado la DoorID 116 - PickupModel.
[2017/9/30 - 16:22:36] Daisuke Sama ha editado la DoorID 116 - PickupModel.
[2017/9/30 - 16:22:38] Daisuke Sama ha editado la DoorID 116 - PickupModel.
[2017/9/30 - 16:22:42] Daisuke Sama ha editado la DoorID 116 - PickupModel.
[2017/9/30 - 16:22:56] Daisuke Sama ha editado la DoorID 115 - PickupModel.
[2017/9/30 - 18:59:30] Daisuke Sama ha creado la DoorID 3.
[2017/9/30 - 19:0:17] Daisuke Sama editó la DoorID 3 - nombre a Entrar [Solo personal].
[2017/9/30 - 19:0:45] Daisuke Sama ha editado la DoorID 3 - Interior
[2017/9/30 - 19:1:7] Daisuke Sama ha editado la DoorID 9 - Facción.
[2017/9/30 - 19:1:48] Daisuke Sama ha editado la DoorID 3 - Interior
[2017/9/30 - 19:2:19] Daisuke Sama ha editado la DoorID 3 - Interior
[2017/9/30 - 19:2:35] Daisuke Sama ha editado la DoorID 3 - Exterior.
[2017/9/30 - 19:3:29] Daisuke Sama ha editado la DoorID 3 - PickupModel.
[2017/9/30 - 19:3:32] Daisuke Sama ha editado la DoorID 3 - PickupModel.
[2017/9/30 - 19:3:34] Daisuke Sama ha editado la DoorID 3 - PickupModel.
[2017/9/30 - 19:3:37] Daisuke Sama ha editado la DoorID 3 - PickupModel.
[2017/9/30 - 19:3:43] Daisuke Sama ha editado la DoorID 3 - PickupModel.
[2017/9/30 - 19:3:45] Daisuke Sama ha editado la DoorID 3 - PickupModel.
[2017/9/30 - 19:3:48] Daisuke Sama ha editado la DoorID 3 - PickupModel.
[2017/9/30 - 19:3:50] Daisuke Sama ha editado la DoorID 3 - PickupModel.
[2017/9/30 - 19:3:54] Daisuke Sama ha editado la DoorID 3 - PickupModel.
[2017/9/30 - 19:3:56] Daisuke Sama ha editado la DoorID 3 - PickupModel.
[2017/9/30 - 19:3:59] Daisuke Sama ha editado la DoorID 3 - PickupModel.
[2017/9/30 - 19:4:1] Daisuke Sama ha editado la DoorID 3 - PickupModel.
[2017/9/30 - 19:4:4] Daisuke Sama ha editado la DoorID 3 - PickupModel.
[2017/9/30 - 19:4:7] Daisuke Sama ha editado la DoorID 3 - PickupModel.
[2017/9/30 - 19:4:10] Daisuke Sama ha editado la DoorID 3 - PickupModel.
[2017/9/30 - 19:4:12] Daisuke Sama ha editado la DoorID 3 - PickupModel.
[2017/9/30 - 19:4:19] Daisuke Sama ha editado la DoorID 3 - PickupModel.
[2017/9/30 - 19:4:21] Daisuke Sama ha editado la DoorID 3 - PickupModel.
[2017/9/30 - 19:4:23] Daisuke Sama ha editado la DoorID 3 - PickupModel.
[2017/9/30 - 19:4:26] Daisuke Sama ha editado la DoorID 3 - PickupModel.
[2017/9/30 - 19:4:29] Daisuke Sama ha editado la DoorID 3 - PickupModel.
[2017/9/30 - 19:4:32] Daisuke Sama ha editado la DoorID 3 - PickupModel.
[2017/9/30 - 19:4:34] Daisuke Sama ha editado la DoorID 3 - PickupModel.
[2017/9/30 - 19:4:38] Daisuke Sama ha editado la DoorID 3 - PickupModel.
[2017/9/30 - 19:4:40] Daisuke Sama ha editado la DoorID 3 - PickupModel.
[2017/9/30 - 19:4:43] Daisuke Sama ha editado la DoorID 3 - PickupModel.
[2017/9/30 - 19:4:45] Daisuke Sama ha editado la DoorID 3 - PickupModel.
[2017/9/30 - 19:4:50] Daisuke Sama ha editado la DoorID 3 - PickupModel.
[2017/9/30 - 19:5:11] Daisuke Sama ha editado la DoorID 3 - PickupModel.
[2017/9/30 - 19:5:41] Daisuke Sama editó la DoorID 3 - nombre a Carcel y Equipamiento.
[2017/9/30 - 19:7:15] Daisuke Sama ha creado la DoorID 5.
[2017/9/30 - 19:8:13] Daisuke Sama ha editado la DoorID 5 - Exterior.
[2017/9/30 - 19:8:51] Daisuke Sama ha editado la DoorID 5 - Exterior.
[2017/9/30 - 19:9:16] Daisuke Sama ha editado la DoorID 5 - Interior
[2017/9/30 - 19:9:24] Daisuke Sama ha editado la DoorID 5 - Interior
[2017/9/30 - 19:12:8] Daisuke Sama ha creado la DoorID 63.
[2017/9/30 - 19:12:18] Daisuke Sama ha editado la DoorID 63 - Interior
[2017/9/30 - 19:12:31] Daisuke Sama ha editado la DoorID 63 - Interior
[2017/9/30 - 19:12:38] Daisuke Sama ha editado la DoorID 63 - Interior
[2017/9/30 - 19:12:49] Daisuke Sama ha editado la DoorID 63 - Exterior.
[2017/9/30 - 19:13:40] Daisuke Sama editó la DoorID 63 - nombre a Comisaría.
[2017/9/30 - 19:14:18] Daisuke Sama ha editado la DoorID 63 - PickupModel.
[2017/9/30 - 19:14:21] Daisuke Sama ha editado la DoorID 63 - PickupModel.
[2017/9/30 - 19:14:23] Daisuke Sama ha editado la DoorID 63 - PickupModel.
[2017/9/30 - 19:33:34] Daisuke Sama a borrado DoorID 97.
[2017/9/30 - 19:33:59] Daisuke Sama ha creado la DoorID 97.
[2017/9/30 - 19:34:14] Daisuke Sama editó la DoorID 97 - nombre a Estudio de LSTV.
[2017/9/30 - 19:34:24] Daisuke Sama ha editado la DoorID 97 - Interior
[2017/10/1 - 0:6:16] Daisuke Sama ha editado la DoorID 116 - VIP Nivel.
[2017/10/1 - 1:39:8] Daisuke Sama ha creado la DoorID 201.
[2017/10/1 - 1:39:22] Daisuke Sama editó la DoorID 201 - nombre a Banco de Los Santos.
[2017/10/1 - 1:39:34] Daisuke Sama ha editado la DoorID 201 - Interior
[2017/10/1 - 1:40:1] Daisuke Sama ha editado la DoorID 201 - Interior
[2017/10/1 - 1:40:20] Daisuke Sama ha editado la DoorID 201 - Exterior.
